<?xml version="1.0" encoding="UTF-8"?>
<testng-results ignored="0" total="1" passed="1" failed="0" skipped="0">
  <reporter-output>
  </reporter-output>
  <suite started-at="2023-05-26T11:52:56 EEST" name="All Test Suite" finished-at="2023-05-26T11:53:08 EEST" duration-ms="11980">
    <groups>
    </groups>
    <test started-at="2023-05-26T11:52:56 EEST" name="D:/First_Task_in_Work" finished-at="2023-05-26T11:53:08 EEST" duration-ms="11980">
      <class name="tests.taskTest.FirstTaskTest">
        <test-method is-config="true" signature="setDriver()[pri:0, instance:tests.taskTest.FirstTaskTest@4386f16]" started-at="2023-05-26T11:52:56 EEST" name="setDriver" finished-at="2023-05-26T11:52:57 EEST" duration-ms="1166" status="PASS">
          <reporter-output>
          </reporter-output>
        </test-method> <!-- setDriver -->
        <test-method signature="Try()[pri:0, instance:tests.taskTest.FirstTaskTest@4386f16]" started-at="2023-05-26T11:52:57 EEST" name="Try" finished-at="2023-05-26T11:53:07 EEST" duration-ms="10744" status="PASS">
          <reporter-output>
          </reporter-output>
        </test-method> <!-- Try -->
        <test-method is-config="true" signature="clearCookLocalStorage()[pri:0, instance:tests.taskTest.FirstTaskTest@4386f16]" started-at="2023-05-26T11:53:07 EEST" name="clearCookLocalStorage" finished-at="2023-05-26T11:53:08 EEST" duration-ms="51" status="PASS">
          <reporter-output>
          </reporter-output>
        </test-method> <!-- clearCookLocalStorage -->
        <test-method is-config="true" signature="close()[pri:0, instance:tests.taskTest.FirstTaskTest@4386f16]" started-at="2023-05-26T11:53:08 EEST" name="close" finished-at="2023-05-26T11:53:08 EEST" duration-ms="194" status="PASS">
          <reporter-output>
          </reporter-output>
        </test-method> <!-- close -->
      </class> <!-- tests.taskTest.FirstTaskTest -->
    </test> <!-- D:/First_Task_in_Work -->
  </suite> <!-- All Test Suite -->
</testng-results>
