<?xml version="1.0" encoding="UTF-8"?>
<testng-results ignored="0" total="1" passed="1" failed="0" skipped="0">
  <reporter-output>
  </reporter-output>
  <suite started-at="2023-05-26T11:22:27 EEST" name="All Test Suite" finished-at="2023-05-26T11:22:36 EEST" duration-ms="8961">
    <groups>
    </groups>
    <test started-at="2023-05-26T11:22:27 EEST" name="D:/First_Task_in_Work" finished-at="2023-05-26T11:22:36 EEST" duration-ms="8961">
      <class name="tests.taskTest.FirstTaskTest">
        <test-method is-config="true" signature="setDriver()[pri:0, instance:tests.taskTest.FirstTaskTest@78e117e3]" started-at="2023-05-26T11:22:27 EEST" name="setDriver" finished-at="2023-05-26T11:22:28 EEST" duration-ms="1210" status="PASS">
          <reporter-output>
          </reporter-output>
        </test-method> <!-- setDriver -->
        <test-method signature="Try()[pri:0, instance:tests.taskTest.FirstTaskTest@78e117e3]" started-at="2023-05-26T11:22:28 EEST" name="Try" finished-at="2023-05-26T11:22:36 EEST" duration-ms="7683" status="PASS">
          <reporter-output>
          </reporter-output>
        </test-method> <!-- Try -->
        <test-method is-config="true" signature="clearCookLocalStorage()[pri:0, instance:tests.taskTest.FirstTaskTest@78e117e3]" started-at="2023-05-26T11:22:36 EEST" name="clearCookLocalStorage" finished-at="2023-05-26T11:22:36 EEST" duration-ms="50" status="PASS">
          <reporter-output>
          </reporter-output>
        </test-method> <!-- clearCookLocalStorage -->
      </class> <!-- tests.taskTest.FirstTaskTest -->
    </test> <!-- D:/First_Task_in_Work -->
  </suite> <!-- All Test Suite -->
</testng-results>
